{"level":"info","message":"Media service is live at Port: 3003","service":"media-service","timestamp":"2026-03-17T09:13:38.304Z"}
{"level":"info","message":"Redis connected","service":"media-service","timestamp":"2026-03-17T09:13:38.318Z"}
{"level":"info","message":"Connected to Db","service":"media-service","timestamp":"2026-03-17T09:13:40.362Z"}
{"level":"warn","message":"Access attemptedd without user Id ","service":"media-service","timestamp":"2026-03-17T09:18:23.753Z"}
{"level":"warn","message":"Access attemptedd without user Id ","service":"media-service","timestamp":"2026-03-17T09:18:53.344Z"}
{"level":"warn","message":"Access attemptedd without user Id ","service":"media-service","timestamp":"2026-03-17T09:19:26.256Z"}
{"level":"info","message":"Starting media upload","service":"media-service","timestamp":"2026-03-17T09:23:48.021Z"}
{"level":"info","message":"File details name=undefined, type=undefined","service":"media-service","timestamp":"2026-03-17T09:23:48.022Z"}
{"level":"info","message":"Uploading to cloudinary...........","service":"media-service","timestamp":"2026-03-17T09:23:48.023Z"}
{"level":"info","message":"Cloudinary upload success Public_id omos5hzyhtg0baqe0i1x","service":"media-service","timestamp":"2026-03-17T09:23:52.755Z"}
{"_message":"Media validation failed","errors":{"mediaId":{"kind":"required","message":"Path `mediaId` is required.","name":"ValidatorError","path":"mediaId","properties":{"message":"Path `mediaId` is required.","path":"mediaId","type":"required"}},"mimeType":{"kind":"required","message":"Path `mimeType` is required.","name":"ValidatorError","path":"mimeType","properties":{"message":"Path `mimeType` is required.","path":"mimeType","type":"required"}},"originalName":{"kind":"required","message":"Path `originalName` is required.","name":"ValidatorError","path":"originalName","properties":{"message":"Path `originalName` is required.","path":"originalName","type":"required"}}},"level":"error","message":"Error while uploading media Media validation failed: mediaId: Path `mediaId` is required., originalName: Path `originalName` is required., mimeType: Path `mimeType` is required.","service":"media-service","stack":"ValidationError: Media validation failed: mediaId: Path `mediaId` is required., originalName: Path `originalName` is required., mimeType: Path `mimeType` is required.\n    at model.validate (/Users/faizan/social-media/media-service/node_modules/mongoose/lib/document.js:2864:36)\n    at process.processTicksAndRejections (node:internal/process/task_queues:95:5)\n    at async model.$__save (/Users/faizan/social-media/media-service/node_modules/mongoose/lib/model.js:389:7)\n    at async model.save (/Users/faizan/social-media/media-service/node_modules/mongoose/lib/model.js:663:5)\n    at async uploadMedia (/Users/faizan/social-media/media-service/src/controllers/media-controller.js:35:5)","timestamp":"2026-03-17T09:23:52.773Z"}
{"level":"info","message":"Media service is live at Port: 3003","service":"media-service","timestamp":"2026-03-17T09:29:48.668Z"}
{"level":"info","message":"Redis connected","service":"media-service","timestamp":"2026-03-17T09:29:48.678Z"}
{"level":"info","message":"Connected to Db","service":"media-service","timestamp":"2026-03-17T09:29:50.699Z"}
{"level":"info","message":"Media service is live at Port: 3003","service":"media-service","timestamp":"2026-03-17T09:30:01.349Z"}
{"level":"info","message":"Redis connected","service":"media-service","timestamp":"2026-03-17T09:30:01.364Z"}
{"level":"info","message":"Connected to Db","service":"media-service","timestamp":"2026-03-17T09:30:03.975Z"}
{"level":"info","message":"Starting media upload","service":"media-service","timestamp":"2026-03-17T09:30:10.631Z"}
{"level":"error","message":"Error while uploading media originalName is not defined","service":"media-service","stack":"ReferenceError: originalName is not defined\n    at uploadMedia (/Users/faizan/social-media/media-service/src/controllers/media-controller.js:19:38)\n    at Layer.handleRequest (/Users/faizan/social-media/media-service/node_modules/router/lib/layer.js:152:17)\n    at next (/Users/faizan/social-media/media-service/node_modules/router/lib/route.js:157:13)\n    at /Users/faizan/social-media/media-service/src/middlewares/multerErrorHandler.js:30:5\n    at done (/Users/faizan/social-media/media-service/node_modules/multer/lib/make-middleware.js:69:7)\n    at indicateDone (/Users/faizan/social-media/media-service/node_modules/multer/lib/make-middleware.js:73:68)\n    at Multipart.<anonymous> (/Users/faizan/social-media/media-service/node_modules/multer/lib/make-middleware.js:243:7)\n    at Multipart.emit (node:events:524:28)\n    at emitCloseNT (node:internal/streams/destroy:147:10)\n    at process.processTicksAndRejections (node:internal/process/task_queues:81:21)","timestamp":"2026-03-17T09:30:10.632Z"}
{"level":"info","message":"Media service is live at Port: 3003","service":"media-service","timestamp":"2026-03-17T09:31:00.394Z"}
{"level":"info","message":"Redis connected","service":"media-service","timestamp":"2026-03-17T09:31:00.414Z"}
{"level":"info","message":"Connected to Db","service":"media-service","timestamp":"2026-03-17T09:31:03.042Z"}
{"level":"warn","message":"Access attemptedd without user Id ","service":"media-service","timestamp":"2026-03-17T09:31:09.568Z"}
{"level":"info","message":"Starting media upload","service":"media-service","timestamp":"2026-03-17T09:31:14.832Z"}
{"level":"error","message":"Error while uploading media originalName is not defined","service":"media-service","stack":"ReferenceError: originalName is not defined\n    at uploadMedia (/Users/faizan/social-media/media-service/src/controllers/media-controller.js:19:38)\n    at Layer.handleRequest (/Users/faizan/social-media/media-service/node_modules/router/lib/layer.js:152:17)\n    at next (/Users/faizan/social-media/media-service/node_modules/router/lib/route.js:157:13)\n    at /Users/faizan/social-media/media-service/src/middlewares/multerErrorHandler.js:30:5\n    at done (/Users/faizan/social-media/media-service/node_modules/multer/lib/make-middleware.js:69:7)\n    at indicateDone (/Users/faizan/social-media/media-service/node_modules/multer/lib/make-middleware.js:73:68)\n    at Multipart.<anonymous> (/Users/faizan/social-media/media-service/node_modules/multer/lib/make-middleware.js:243:7)\n    at Multipart.emit (node:events:524:28)\n    at emitCloseNT (node:internal/streams/destroy:147:10)\n    at process.processTicksAndRejections (node:internal/process/task_queues:81:21)","timestamp":"2026-03-17T09:31:14.833Z"}
{"level":"info","message":"Media service is live at Port: 3003","service":"media-service","timestamp":"2026-03-17T09:31:30.933Z"}
{"level":"info","message":"Redis connected","service":"media-service","timestamp":"2026-03-17T09:31:30.946Z"}
{"level":"info","message":"Connected to Db","service":"media-service","timestamp":"2026-03-17T09:31:32.819Z"}
{"level":"info","message":"Starting media upload","service":"media-service","timestamp":"2026-03-17T09:31:36.984Z"}
{"level":"error","message":"Error while uploading media originalName is not defined","service":"media-service","stack":"ReferenceError: originalName is not defined\n    at uploadMedia (/Users/faizan/social-media/media-service/src/controllers/media-controller.js:19:38)\n    at Layer.handleRequest (/Users/faizan/social-media/media-service/node_modules/router/lib/layer.js:152:17)\n    at next (/Users/faizan/social-media/media-service/node_modules/router/lib/route.js:157:13)\n    at /Users/faizan/social-media/media-service/src/middlewares/multerErrorHandler.js:30:5\n    at done (/Users/faizan/social-media/media-service/node_modules/multer/lib/make-middleware.js:69:7)\n    at indicateDone (/Users/faizan/social-media/media-service/node_modules/multer/lib/make-middleware.js:73:68)\n    at Multipart.<anonymous> (/Users/faizan/social-media/media-service/node_modules/multer/lib/make-middleware.js:243:7)\n    at Multipart.emit (node:events:524:28)\n    at emitCloseNT (node:internal/streams/destroy:147:10)\n    at process.processTicksAndRejections (node:internal/process/task_queues:81:21)","timestamp":"2026-03-17T09:31:37.027Z"}
{"level":"info","message":"Media service is live at Port: 3003","service":"media-service","timestamp":"2026-03-17T09:33:16.613Z"}
{"level":"info","message":"Redis connected","service":"media-service","timestamp":"2026-03-17T09:33:16.659Z"}
{"level":"info","message":"Connected to Db","service":"media-service","timestamp":"2026-03-17T09:33:18.760Z"}
{"level":"info","message":"Starting media upload","service":"media-service","timestamp":"2026-03-17T09:33:35.413Z"}
{"level":"info","message":"File details name=hero-landing.png, type=image/png","service":"media-service","timestamp":"2026-03-17T09:33:35.414Z"}
{"level":"info","message":"Uploading to Cloudinary...","service":"media-service","timestamp":"2026-03-17T09:33:35.414Z"}
{"level":"info","message":"Cloudinary upload success Public_id xb3undlqruvqdmfd2vj4","service":"media-service","timestamp":"2026-03-17T09:33:39.243Z"}
{"_message":"Media validation failed","errors":{"mediaId":{"kind":"required","message":"Path `mediaId` is required.","name":"ValidatorError","path":"mediaId","properties":{"message":"Path `mediaId` is required.","path":"mediaId","type":"required"}}},"level":"error","message":"Error while uploading media Media validation failed: mediaId: Path `mediaId` is required.","service":"media-service","stack":"ValidationError: Media validation failed: mediaId: Path `mediaId` is required.\n    at model.validate (/Users/faizan/social-media/media-service/node_modules/mongoose/lib/document.js:2864:36)\n    at process.processTicksAndRejections (node:internal/process/task_queues:95:5)\n    at async model.$__save (/Users/faizan/social-media/media-service/node_modules/mongoose/lib/model.js:389:7)\n    at async model.save (/Users/faizan/social-media/media-service/node_modules/mongoose/lib/model.js:663:5)\n    at async uploadMedia (/Users/faizan/social-media/media-service/src/controllers/media-controller.js:36:5)","timestamp":"2026-03-17T09:33:39.264Z"}
{"level":"info","message":"Media service is live at Port: 3003","service":"media-service","timestamp":"2026-03-17T09:38:51.619Z"}
{"level":"info","message":"Redis connected","service":"media-service","timestamp":"2026-03-17T09:38:51.669Z"}
{"level":"info","message":"Connected to Db","service":"media-service","timestamp":"2026-03-17T09:38:54.442Z"}
{"level":"info","message":"Media service is live at Port: 3003","service":"media-service","timestamp":"2026-03-17T09:39:07.591Z"}
{"level":"info","message":"Redis connected","service":"media-service","timestamp":"2026-03-17T09:39:07.734Z"}
{"level":"info","message":"Connected to Db","service":"media-service","timestamp":"2026-03-17T09:39:11.028Z"}
{"level":"info","message":"Starting media upload","service":"media-service","timestamp":"2026-03-17T09:39:14.724Z"}
{"level":"info","message":"File details: name=hero-landing.png, type=image/png","service":"media-service","timestamp":"2026-03-17T09:39:14.726Z"}
{"level":"info","message":"Uploading to cloudinary starting...","service":"media-service","timestamp":"2026-03-17T09:39:14.727Z"}
{"level":"info","message":"Cloudinary upload successfully. Public Id: - dffqzr2ch3dch9hiupkb","service":"media-service","timestamp":"2026-03-17T09:39:19.991Z"}
{"_message":"Media validation failed","errors":{"mediaId":{"kind":"required","message":"Path `mediaId` is required.","name":"ValidatorError","path":"mediaId","properties":{"message":"Path `mediaId` is required.","path":"mediaId","type":"required"}}},"level":"error","message":"Error creating media Media validation failed: mediaId: Path `mediaId` is required.","service":"media-service","stack":"ValidationError: Media validation failed: mediaId: Path `mediaId` is required.\n    at model.validate (/Users/faizan/social-media/media-service/node_modules/mongoose/lib/document.js:2864:36)\n    at process.processTicksAndRejections (node:internal/process/task_queues:95:5)\n    at async model.$__save (/Users/faizan/social-media/media-service/node_modules/mongoose/lib/model.js:389:7)\n    at async model.save (/Users/faizan/social-media/media-service/node_modules/mongoose/lib/model.js:663:5)\n    at async uploadMedia (/Users/faizan/social-media/media-service/src/controllers/media-controller.js:37:5)","timestamp":"2026-03-17T09:39:20.007Z"}
{"level":"info","message":"Media service is live at Port: 3003","service":"media-service","timestamp":"2026-03-17T09:41:35.807Z"}
{"level":"info","message":"Redis connected","service":"media-service","timestamp":"2026-03-17T09:41:35.848Z"}
{"level":"info","message":"Connected to Db","service":"media-service","timestamp":"2026-03-17T09:41:37.892Z"}
{"level":"info","message":"Starting media upload","service":"media-service","timestamp":"2026-03-17T09:41:44.079Z"}
{"level":"info","message":"File details: name=hero-landing.png, type=image/png","service":"media-service","timestamp":"2026-03-17T09:41:44.082Z"}
{"level":"info","message":"Uploading to cloudinary starting...","service":"media-service","timestamp":"2026-03-17T09:41:44.083Z"}
{"level":"info","message":"Cloudinary upload successfully. Public Id: - rklocrght0cdhl9gbkoq","service":"media-service","timestamp":"2026-03-17T09:41:47.169Z"}
{"level":"info","message":"Redis connected","service":"media-service","timestamp":"2026-03-28T11:52:49.562Z"}
{"level":"info","message":"Connected to rabbit mq","service":"media-service","timestamp":"2026-03-28T11:52:49.683Z"}
{"level":"info","message":"Subscribed tto event: post.deleted","service":"media-service","timestamp":"2026-03-28T11:52:50.299Z"}
{"level":"info","message":"Media service is running at: 3003","service":"media-service","timestamp":"2026-03-28T11:52:50.322Z"}
{"level":"info","message":"Connected to Db","service":"media-service","timestamp":"2026-03-28T11:52:52.211Z"}
