{"level":"info","message":"Redis connected","service":"search-service","timestamp":"2026-03-28T11:53:37.559Z"}
{"level":"info","message":"Redis connected","service":"search-service","timestamp":"2026-03-28T11:54:50.827Z"}
{"level":"info","message":"Connected to rabbit mq","service":"search-service","timestamp":"2026-03-28T11:54:50.853Z"}
{"level":"info","message":"Subscribed tto event: post.created","service":"search-service","timestamp":"2026-03-28T11:54:51.112Z"}
{"level":"info","message":"Connected to Db","service":"search-service","timestamp":"2026-03-28T11:54:54.266Z"}
{"level":"info","message":"Redis connected","service":"search-service","timestamp":"2026-03-28T12:24:28.260Z"}
{"level":"info","message":"Connected to rabbit mq","service":"search-service","timestamp":"2026-03-28T12:24:28.294Z"}
{"level":"info","message":"Subscribed tto event: post.created","service":"search-service","timestamp":"2026-03-28T12:24:28.354Z"}
{"level":"info","message":"Connected to Db","service":"search-service","timestamp":"2026-03-28T12:24:30.120Z"}
{"level":"info","message":"Redis connected","service":"search-service","timestamp":"2026-03-28T14:39:14.034Z"}
{"level":"info","message":"Connected to rabbit mq","service":"search-service","timestamp":"2026-03-28T14:39:14.109Z"}
{"level":"info","message":"Subscribed tto event: post.created","service":"search-service","timestamp":"2026-03-28T14:39:14.188Z"}
{"level":"info","message":"Connected to Db","service":"search-service","timestamp":"2026-03-28T14:39:17.176Z"}
{"level":"info","message":"Redis connected","service":"search-service","timestamp":"2026-03-28T14:41:28.335Z"}
{"level":"info","message":"Connected to rabbit mq","service":"search-service","timestamp":"2026-03-28T14:41:28.374Z"}
{"level":"info","message":"Subscribed tto event: post.created","service":"search-service","timestamp":"2026-03-28T14:41:28.411Z"}
{"level":"info","message":"Connected to Db","service":"search-service","timestamp":"2026-03-28T14:41:30.433Z"}
{"level":"info","message":"Redis connected","service":"search-service","timestamp":"2026-03-28T14:41:34.856Z"}
{"level":"info","message":"Connected to rabbit mq","service":"search-service","timestamp":"2026-03-28T14:41:34.940Z"}
{"level":"info","message":"Subscribed tto event: post.created","service":"search-service","timestamp":"2026-03-28T14:41:34.969Z"}
{"level":"info","message":"Connected to Db","service":"search-service","timestamp":"2026-03-28T14:41:36.845Z"}
{"level":"info","message":"Redis connected","service":"search-service","timestamp":"2026-03-28T14:41:54.662Z"}
{"level":"info","message":"Connected to rabbit mq","service":"search-service","timestamp":"2026-03-28T14:41:54.910Z"}
{"level":"info","message":"Subscribed tto event: post.created","service":"search-service","timestamp":"2026-03-28T14:41:54.949Z"}
{"level":"info","message":"Redis connected","service":"search-service","timestamp":"2026-03-28T14:41:57.419Z"}
{"level":"info","message":"Connected to rabbit mq","service":"search-service","timestamp":"2026-03-28T14:41:57.467Z"}
{"level":"info","message":"Subscribed tto event: post.created","service":"search-service","timestamp":"2026-03-28T14:41:57.485Z"}
{"level":"info","message":"Connected to Db","service":"search-service","timestamp":"2026-03-28T14:41:59.295Z"}
{"level":"info","message":"Redis connected","service":"search-service","timestamp":"2026-03-28T14:45:51.998Z"}
{"level":"info","message":"Connected to rabbit mq","service":"search-service","timestamp":"2026-03-28T14:45:52.027Z"}
{"level":"info","message":"Subscribed tto event: post.created","service":"search-service","timestamp":"2026-03-28T14:45:52.097Z"}
{"level":"info","message":"Connected to Db","service":"search-service","timestamp":"2026-03-28T14:45:54.097Z"}
{"level":"info","message":"Redis connected","service":"search-service","timestamp":"2026-03-28T14:46:32.522Z"}
{"level":"info","message":"Connected to rabbit mq","service":"search-service","timestamp":"2026-03-28T14:46:32.556Z"}
{"level":"info","message":"Subscribed tto event: post.created","service":"search-service","timestamp":"2026-03-28T14:46:32.596Z"}
{"level":"info","message":"Connected to Db","service":"search-service","timestamp":"2026-03-28T14:46:34.577Z"}
{"level":"info","message":"Redis connected","service":"search-service","timestamp":"2026-03-28T14:47:27.595Z"}
{"level":"info","message":"Connected to rabbit mq","service":"search-service","timestamp":"2026-03-28T14:47:27.828Z"}
{"level":"info","message":"Subscribed tto event: post.created","service":"search-service","timestamp":"2026-03-28T14:47:27.953Z"}
{"level":"info","message":"Connected to Db","service":"search-service","timestamp":"2026-03-28T14:47:29.797Z"}
{"level":"error","message":"Error habdling post creation ","service":"search-service","timestamp":"2026-03-28T14:47:33.876Z"}
{"level":"info","message":"Redis connected","service":"search-service","timestamp":"2026-03-28T14:48:05.091Z"}
{"level":"info","message":"Connected to rabbit mq","service":"search-service","timestamp":"2026-03-28T14:48:05.160Z"}
{"level":"info","message":"Subscribed tto event: post.created","service":"search-service","timestamp":"2026-03-28T14:48:05.258Z"}
{"level":"info","message":"Connected to Db","service":"search-service","timestamp":"2026-03-28T14:48:07.370Z"}
{"code":11000,"errorLabelSet":{},"errorResponse":{"code":11000,"errmsg":"E11000 duplicate key error collection: test.searches index: userId_1 dup key: { userId: \"69a306123801eb1ebd256dbc\" }","index":0,"keyPattern":{"userId":1},"keyValue":{"userId":"69a306123801eb1ebd256dbc"}},"index":0,"keyPattern":{"userId":1},"keyValue":{"userId":"69a306123801eb1ebd256dbc"},"level":"error","message":"Error handling post creation E11000 duplicate key error collection: test.searches index: userId_1 dup key: { userId: \"69a306123801eb1ebd256dbc\" }","service":"search-service","stack":"MongoServerError: E11000 duplicate key error collection: test.searches index: userId_1 dup key: { userId: \"69a306123801eb1ebd256dbc\" }\n    at InsertOneOperation.handleOk (/Users/faizan/social-media/search-service/node_modules/mongodb/lib/operations/insert.js:51:19)\n    at tryOperation (/Users/faizan/social-media/search-service/node_modules/mongodb/lib/operations/execute_operation.js:216:34)\n    at process.processTicksAndRejections (node:internal/process/task_queues:95:5)\n    at async executeOperation (/Users/faizan/social-media/search-service/node_modules/mongodb/lib/operations/execute_operation.js:80:16)\n    at async Collection.insertOne (/Users/faizan/social-media/search-service/node_modules/mongodb/lib/collection.js:154:16)\n    at async model.$__save (/Users/faizan/social-media/search-service/node_modules/mongoose/lib/model.js:405:16)\n    at async model.save (/Users/faizan/social-media/search-service/node_modules/mongoose/lib/model.js:642:5)\n    at async handlePostCreated (/Users/faizan/social-media/search-service/src/eventHandlers/search-event-handler.js:13:5)","timestamp":"2026-03-28T14:48:11.394Z"}
{"code":11000,"errorLabelSet":{},"errorResponse":{"code":11000,"errmsg":"E11000 duplicate key error collection: test.searches index: userId_1 dup key: { userId: \"69a306123801eb1ebd256dbc\" }","index":0,"keyPattern":{"userId":1},"keyValue":{"userId":"69a306123801eb1ebd256dbc"}},"index":0,"keyPattern":{"userId":1},"keyValue":{"userId":"69a306123801eb1ebd256dbc"},"level":"error","message":"Error handling post creation E11000 duplicate key error collection: test.searches index: userId_1 dup key: { userId: \"69a306123801eb1ebd256dbc\" }","service":"search-service","stack":"MongoServerError: E11000 duplicate key error collection: test.searches index: userId_1 dup key: { userId: \"69a306123801eb1ebd256dbc\" }\n    at InsertOneOperation.handleOk (/Users/faizan/social-media/search-service/node_modules/mongodb/lib/operations/insert.js:51:19)\n    at tryOperation (/Users/faizan/social-media/search-service/node_modules/mongodb/lib/operations/execute_operation.js:216:34)\n    at process.processTicksAndRejections (node:internal/process/task_queues:95:5)\n    at async executeOperation (/Users/faizan/social-media/search-service/node_modules/mongodb/lib/operations/execute_operation.js:80:16)\n    at async Collection.insertOne (/Users/faizan/social-media/search-service/node_modules/mongodb/lib/collection.js:154:16)\n    at async model.$__save (/Users/faizan/social-media/search-service/node_modules/mongoose/lib/model.js:405:16)\n    at async model.save (/Users/faizan/social-media/search-service/node_modules/mongoose/lib/model.js:642:5)\n    at async handlePostCreated (/Users/faizan/social-media/search-service/src/eventHandlers/search-event-handler.js:13:5)","timestamp":"2026-03-28T14:48:24.432Z"}
{"level":"info","message":"Redis connected","service":"search-service","timestamp":"2026-03-28T14:48:34.175Z"}
{"level":"info","message":"Connected to rabbit mq","service":"search-service","timestamp":"2026-03-28T14:48:34.203Z"}
{"level":"info","message":"Subscribed tto event: post.created","service":"search-service","timestamp":"2026-03-28T14:48:34.251Z"}
{"level":"info","message":"Connected to Db","service":"search-service","timestamp":"2026-03-28T14:48:36.009Z"}
{"code":11000,"errorLabelSet":{},"errorResponse":{"code":11000,"errmsg":"E11000 duplicate key error collection: test.searches index: userId_1 dup key: { userId: \"69a306123801eb1ebd256dbc\" }","index":0,"keyPattern":{"userId":1},"keyValue":{"userId":"69a306123801eb1ebd256dbc"}},"index":0,"keyPattern":{"userId":1},"keyValue":{"userId":"69a306123801eb1ebd256dbc"},"level":"error","message":"Error handling post creation E11000 duplicate key error collection: test.searches index: userId_1 dup key: { userId: \"69a306123801eb1ebd256dbc\" }","service":"search-service","stack":"MongoServerError: E11000 duplicate key error collection: test.searches index: userId_1 dup key: { userId: \"69a306123801eb1ebd256dbc\" }\n    at InsertOneOperation.handleOk (/Users/faizan/social-media/search-service/node_modules/mongodb/lib/operations/insert.js:51:19)\n    at tryOperation (/Users/faizan/social-media/search-service/node_modules/mongodb/lib/operations/execute_operation.js:216:34)\n    at process.processTicksAndRejections (node:internal/process/task_queues:95:5)\n    at async executeOperation (/Users/faizan/social-media/search-service/node_modules/mongodb/lib/operations/execute_operation.js:80:16)\n    at async Collection.insertOne (/Users/faizan/social-media/search-service/node_modules/mongodb/lib/collection.js:154:16)\n    at async model.$__save (/Users/faizan/social-media/search-service/node_modules/mongoose/lib/model.js:405:16)\n    at async model.save (/Users/faizan/social-media/search-service/node_modules/mongoose/lib/model.js:642:5)\n    at async handlePostCreated (/Users/faizan/social-media/search-service/src/eventHandlers/search-event-handler.js:13:5)","timestamp":"2026-03-28T14:48:44.365Z"}
{"level":"info","message":"Redis connected","service":"search-service","timestamp":"2026-03-28T14:49:44.816Z"}
{"level":"info","message":"Connected to rabbit mq","service":"search-service","timestamp":"2026-03-28T14:49:45.010Z"}
{"level":"info","message":"Subscribed tto event: post.created","service":"search-service","timestamp":"2026-03-28T14:49:45.040Z"}
{"level":"info","message":"Connected to Db","service":"search-service","timestamp":"2026-03-28T14:49:46.837Z"}
{"code":11000,"errorLabelSet":{},"errorResponse":{"code":11000,"errmsg":"E11000 duplicate key error collection: test.searches index: userId_1 dup key: { userId: \"69a306123801eb1ebd256dbc\" }","index":0,"keyPattern":{"userId":1},"keyValue":{"userId":"69a306123801eb1ebd256dbc"}},"index":0,"keyPattern":{"userId":1},"keyValue":{"userId":"69a306123801eb1ebd256dbc"},"level":"error","message":"Error handling post creation E11000 duplicate key error collection: test.searches index: userId_1 dup key: { userId: \"69a306123801eb1ebd256dbc\" }","service":"search-service","stack":"MongoServerError: E11000 duplicate key error collection: test.searches index: userId_1 dup key: { userId: \"69a306123801eb1ebd256dbc\" }\n    at InsertOneOperation.handleOk (/Users/faizan/social-media/search-service/node_modules/mongodb/lib/operations/insert.js:51:19)\n    at tryOperation (/Users/faizan/social-media/search-service/node_modules/mongodb/lib/operations/execute_operation.js:216:34)\n    at process.processTicksAndRejections (node:internal/process/task_queues:95:5)\n    at async executeOperation (/Users/faizan/social-media/search-service/node_modules/mongodb/lib/operations/execute_operation.js:80:16)\n    at async Collection.insertOne (/Users/faizan/social-media/search-service/node_modules/mongodb/lib/collection.js:154:16)\n    at async model.$__save (/Users/faizan/social-media/search-service/node_modules/mongoose/lib/model.js:405:16)\n    at async model.save (/Users/faizan/social-media/search-service/node_modules/mongoose/lib/model.js:642:5)\n    at async handlePostCreated (/Users/faizan/social-media/search-service/src/eventHandlers/search-event-handler.js:13:5)","timestamp":"2026-03-28T14:50:00.709Z"}
{"level":"info","message":"Redis connected","service":"search-service","timestamp":"2026-03-28T14:51:04.789Z"}
{"level":"info","message":"Connected to rabbit mq","service":"search-service","timestamp":"2026-03-28T14:51:04.814Z"}
{"level":"info","message":"Subscribed tto event: post.created","service":"search-service","timestamp":"2026-03-28T14:51:04.829Z"}
{"level":"info","message":"Connected to Db","service":"search-service","timestamp":"2026-03-28T14:51:06.760Z"}
{"code":11000,"errorLabelSet":{},"errorResponse":{"code":11000,"errmsg":"E11000 duplicate key error collection: test.searches index: userId_1 dup key: { userId: \"69a306123801eb1ebd256dbc\" }","index":0,"keyPattern":{"userId":1},"keyValue":{"userId":"69a306123801eb1ebd256dbc"}},"index":0,"keyPattern":{"userId":1},"keyValue":{"userId":"69a306123801eb1ebd256dbc"},"level":"error","message":"Error handling post creation E11000 duplicate key error collection: test.searches index: userId_1 dup key: { userId: \"69a306123801eb1ebd256dbc\" }","service":"search-service","stack":"MongoServerError: E11000 duplicate key error collection: test.searches index: userId_1 dup key: { userId: \"69a306123801eb1ebd256dbc\" }\n    at InsertOneOperation.handleOk (/Users/faizan/social-media/search-service/node_modules/mongodb/lib/operations/insert.js:51:19)\n    at tryOperation (/Users/faizan/social-media/search-service/node_modules/mongodb/lib/operations/execute_operation.js:216:34)\n    at process.processTicksAndRejections (node:internal/process/task_queues:95:5)\n    at async executeOperation (/Users/faizan/social-media/search-service/node_modules/mongodb/lib/operations/execute_operation.js:80:16)\n    at async Collection.insertOne (/Users/faizan/social-media/search-service/node_modules/mongodb/lib/collection.js:154:16)\n    at async model.$__save (/Users/faizan/social-media/search-service/node_modules/mongoose/lib/model.js:405:16)\n    at async model.save (/Users/faizan/social-media/search-service/node_modules/mongoose/lib/model.js:642:5)\n    at async handlePostCreated (/Users/faizan/social-media/search-service/src/eventHandlers/search-event-handler.js:13:5)","timestamp":"2026-03-28T14:51:11.825Z"}
{"code":11000,"errorLabelSet":{},"errorResponse":{"code":11000,"errmsg":"E11000 duplicate key error collection: test.searches index: userId_1 dup key: { userId: \"69a306123801eb1ebd256dbc\" }","index":0,"keyPattern":{"userId":1},"keyValue":{"userId":"69a306123801eb1ebd256dbc"}},"index":0,"keyPattern":{"userId":1},"keyValue":{"userId":"69a306123801eb1ebd256dbc"},"level":"error","message":"Error handling post creation E11000 duplicate key error collection: test.searches index: userId_1 dup key: { userId: \"69a306123801eb1ebd256dbc\" }","service":"search-service","stack":"MongoServerError: E11000 duplicate key error collection: test.searches index: userId_1 dup key: { userId: \"69a306123801eb1ebd256dbc\" }\n    at InsertOneOperation.handleOk (/Users/faizan/social-media/search-service/node_modules/mongodb/lib/operations/insert.js:51:19)\n    at tryOperation (/Users/faizan/social-media/search-service/node_modules/mongodb/lib/operations/execute_operation.js:216:34)\n    at process.processTicksAndRejections (node:internal/process/task_queues:95:5)\n    at async executeOperation (/Users/faizan/social-media/search-service/node_modules/mongodb/lib/operations/execute_operation.js:80:16)\n    at async Collection.insertOne (/Users/faizan/social-media/search-service/node_modules/mongodb/lib/collection.js:154:16)\n    at async model.$__save (/Users/faizan/social-media/search-service/node_modules/mongoose/lib/model.js:405:16)\n    at async model.save (/Users/faizan/social-media/search-service/node_modules/mongoose/lib/model.js:642:5)\n    at async handlePostCreated (/Users/faizan/social-media/search-service/src/eventHandlers/search-event-handler.js:13:5)","timestamp":"2026-03-28T14:51:20.324Z"}
{"level":"info","message":"Redis connected","service":"search-service","timestamp":"2026-03-28T15:04:05.513Z"}
{"level":"info","message":"Connected to rabbit mq","service":"search-service","timestamp":"2026-03-28T15:04:05.539Z"}
{"level":"info","message":"Subscribed tto event: post.created","service":"search-service","timestamp":"2026-03-28T15:04:05.606Z"}
{"level":"info","message":"Connected to Db","service":"search-service","timestamp":"2026-03-28T15:04:10.479Z"}
{"level":"info","message":"Search post created: 69c7edf805ce2542011c0fe8, 69c7edf804cbef9bca9c6836","service":"search-service","timestamp":"2026-03-28T15:04:24.423Z"}
{"level":"info","message":"Search post created: 69c7ee0505ce2542011c0fea, 69c7ee0504cbef9bca9c6838","service":"search-service","timestamp":"2026-03-28T15:04:37.693Z"}
{"level":"info","message":"Redis connected","service":"search-service","timestamp":"2026-03-28T15:05:44.008Z"}
{"level":"info","message":"Connected to rabbit mq","service":"search-service","timestamp":"2026-03-28T15:05:44.185Z"}
{"level":"info","message":"Subscribed tto event: post.created","service":"search-service","timestamp":"2026-03-28T15:05:44.393Z"}
{"level":"info","message":"Subscribed tto event: post.deleted","service":"search-service","timestamp":"2026-03-28T15:05:44.612Z"}
{"level":"info","message":"Connected to Db","service":"search-service","timestamp":"2026-03-28T15:05:52.104Z"}
{"level":"info","message":"Redis connected","service":"search-service","timestamp":"2026-03-28T15:07:05.074Z"}
{"level":"info","message":"Connected to rabbit mq","service":"search-service","timestamp":"2026-03-28T15:07:05.140Z"}
{"level":"info","message":"Subscribed tto event: post.created","service":"search-service","timestamp":"2026-03-28T15:07:05.184Z"}
{"level":"info","message":"Subscribed tto event: post.deleted","service":"search-service","timestamp":"2026-03-28T15:07:05.217Z"}
{"level":"info","message":"Connected to Db","service":"search-service","timestamp":"2026-03-28T15:07:07.492Z"}
{"level":"info","message":"Redis connected","service":"search-service","timestamp":"2026-03-28T15:07:37.576Z"}
{"level":"info","message":"Connected to rabbit mq","service":"search-service","timestamp":"2026-03-28T15:07:37.604Z"}
{"level":"info","message":"Subscribed tto event: post.created","service":"search-service","timestamp":"2026-03-28T15:07:37.637Z"}
{"level":"info","message":"Subscribed tto event: post.deleted","service":"search-service","timestamp":"2026-03-28T15:07:37.663Z"}
{"level":"info","message":"Connected to Db","service":"search-service","timestamp":"2026-03-28T15:07:40.587Z"}
{"level":"info","message":"Redis connected","service":"search-service","timestamp":"2026-03-28T15:08:13.364Z"}
{"level":"info","message":"Connected to rabbit mq","service":"search-service","timestamp":"2026-03-28T15:08:13.466Z"}
{"level":"info","message":"Subscribed tto event: post.created","service":"search-service","timestamp":"2026-03-28T15:08:13.532Z"}
{"level":"info","message":"Subscribed tto event: post.deleted","service":"search-service","timestamp":"2026-03-28T15:08:13.568Z"}
{"level":"info","message":"Connected to Db","service":"search-service","timestamp":"2026-03-28T15:08:19.729Z"}
{"level":"info","message":"Redis connected","service":"search-service","timestamp":"2026-03-28T15:08:41.746Z"}
{"level":"info","message":"Connected to rabbit mq","service":"search-service","timestamp":"2026-03-28T15:08:41.797Z"}
{"level":"info","message":"Subscribed tto event: post.created","service":"search-service","timestamp":"2026-03-28T15:08:41.818Z"}
{"level":"info","message":"Subscribed tto event: post.deleted","service":"search-service","timestamp":"2026-03-28T15:08:41.886Z"}
{"level":"info","message":"Redis connected","service":"search-service","timestamp":"2026-03-28T15:08:46.630Z"}
{"level":"info","message":"Connected to rabbit mq","service":"search-service","timestamp":"2026-03-28T15:08:46.716Z"}
{"level":"info","message":"Subscribed tto event: post.created","service":"search-service","timestamp":"2026-03-28T15:08:46.961Z"}
{"level":"info","message":"Subscribed tto event: post.deleted","service":"search-service","timestamp":"2026-03-28T15:08:46.982Z"}
{"level":"info","message":"Connected to Db","service":"search-service","timestamp":"2026-03-28T15:08:51.272Z"}
{"level":"info","message":"Redis connected","service":"search-service","timestamp":"2026-03-28T15:09:01.671Z"}
{"level":"info","message":"Connected to rabbit mq","service":"search-service","timestamp":"2026-03-28T15:09:01.745Z"}
{"level":"info","message":"Subscribed tto event: post.created","service":"search-service","timestamp":"2026-03-28T15:09:01.800Z"}
{"level":"info","message":"Subscribed tto event: post.deleted","service":"search-service","timestamp":"2026-03-28T15:09:01.886Z"}
{"level":"info","message":"Connected to Db","service":"search-service","timestamp":"2026-03-28T15:09:04.397Z"}
{"level":"info","message":"Redis connected","service":"search-service","timestamp":"2026-03-28T15:09:11.288Z"}
{"level":"info","message":"Connected to rabbit mq","service":"search-service","timestamp":"2026-03-28T15:09:11.340Z"}
{"level":"info","message":"Subscribed tto event: post.created","service":"search-service","timestamp":"2026-03-28T15:09:11.503Z"}
{"level":"info","message":"Subscribed tto event: post.deleted","service":"search-service","timestamp":"2026-03-28T15:09:11.533Z"}
{"level":"info","message":"Connected to Db","service":"search-service","timestamp":"2026-03-28T15:09:15.290Z"}
{"level":"error","message":"Error handling post deletion postId is not defined","service":"search-service","stack":"ReferenceError: postId is not defined\n    at handlePostDeleted (/Users/faizan/social-media/search-service/src/eventHandlers/search-event-handler.js:22:37)\n    at /Users/faizan/social-media/search-service/src/utils/rabbitmq.js:33:7\n    at Channel.dispatchMessage (/Users/faizan/social-media/search-service/node_modules/amqplib/lib/channel.js:489:14)\n    at Channel.handleDelivery (/Users/faizan/social-media/search-service/node_modules/amqplib/lib/channel.js:498:17)\n    at Channel.emit (node:events:524:28)\n    at /Users/faizan/social-media/search-service/node_modules/amqplib/lib/channel.js:395:10\n    at Channel.content [as handleMessage] (/Users/faizan/social-media/search-service/node_modules/amqplib/lib/channel.js:448:9)\n    at Channel.acceptMessageFrame (/Users/faizan/social-media/search-service/node_modules/amqplib/lib/channel.js:232:33)\n    at Channel.accept (/Users/faizan/social-media/search-service/node_modules/amqplib/lib/channel.js:302:19)\n    at Connection.mainAccept [as accept] (/Users/faizan/social-media/search-service/node_modules/amqplib/lib/connection.js:579:33)","timestamp":"2026-03-28T15:11:24.088Z"}
{"level":"info","message":"Redis connected","service":"search-service","timestamp":"2026-03-28T15:23:47.403Z"}
{"level":"info","message":"Connected to rabbit mq","service":"search-service","timestamp":"2026-03-28T15:23:47.495Z"}
{"level":"info","message":"Subscribed tto event: post.created","service":"search-service","timestamp":"2026-03-28T15:23:47.825Z"}
{"level":"info","message":"Subscribed tto event: post.deleted","service":"search-service","timestamp":"2026-03-28T15:23:47.880Z"}
{"level":"info","message":"Connected to Db","service":"search-service","timestamp":"2026-03-28T15:23:50.016Z"}
{"level":"info","message":"Search post created: 69c7f28705ce2542011c0ff0, 69c7f287e8a834221bc50b83","service":"search-service","timestamp":"2026-03-28T15:23:52.093Z"}
{"level":"error","message":"Error handling post deletion newSearchPost is not defined","service":"search-service","stack":"ReferenceError: newSearchPost is not defined\n    at handlePostDeleted (/Users/faizan/social-media/search-service/src/eventHandlers/search-event-handler.js:23:58)\n    at process.processTicksAndRejections (node:internal/process/task_queues:95:5)","timestamp":"2026-03-28T15:24:28.817Z"}
{"level":"info","message":"Redis connected","service":"search-service","timestamp":"2026-03-28T15:25:03.422Z"}
{"level":"info","message":"Connected to rabbit mq","service":"search-service","timestamp":"2026-03-28T15:25:03.502Z"}
{"level":"info","message":"Subscribed tto event: post.created","service":"search-service","timestamp":"2026-03-28T15:25:03.674Z"}
{"level":"info","message":"Subscribed tto event: post.deleted","service":"search-service","timestamp":"2026-03-28T15:25:04.182Z"}
{"level":"info","message":"Connected to Db","service":"search-service","timestamp":"2026-03-28T15:25:08.064Z"}
{"level":"info","message":"Search post created: 69c7f2d105ce2542011c0ff6, 69c7f2d16aae1e1b9e94a62b","service":"search-service","timestamp":"2026-03-28T15:25:11.345Z"}
{"code":"ECONNREFUSED","level":"warn","message":"Redis error","service":"search-service","stack":"AggregateError [ECONNREFUSED]: \n    at internalConnectMultiple (node:net:1122:18)\n    at afterConnectMultiple (node:net:1689:7)","timestamp":"2026-03-28T15:25:34.592Z"}
{"code":"ECONNREFUSED","level":"warn","message":"Redis error","service":"search-service","stack":"AggregateError [ECONNREFUSED]: \n    at internalConnectMultiple (node:net:1122:18)\n    at afterConnectMultiple (node:net:1689:7)","timestamp":"2026-03-28T15:25:34.695Z"}
{"code":"ECONNREFUSED","level":"warn","message":"Redis error","service":"search-service","stack":"AggregateError [ECONNREFUSED]: \n    at internalConnectMultiple (node:net:1122:18)\n    at afterConnectMultiple (node:net:1689:7)","timestamp":"2026-03-28T15:25:34.848Z"}
{"code":"ECONNREFUSED","level":"warn","message":"Redis error","service":"search-service","stack":"AggregateError [ECONNREFUSED]: \n    at internalConnectMultiple (node:net:1122:18)\n    at afterConnectMultiple (node:net:1689:7)","timestamp":"2026-03-28T15:25:35.053Z"}
{"code":"ECONNREFUSED","level":"warn","message":"Redis error","service":"search-service","stack":"AggregateError [ECONNREFUSED]: \n    at internalConnectMultiple (node:net:1122:18)\n    at afterConnectMultiple (node:net:1689:7)","timestamp":"2026-03-28T15:25:35.309Z"}
{"code":"ECONNREFUSED","level":"warn","message":"Redis error","service":"search-service","stack":"AggregateError [ECONNREFUSED]: \n    at internalConnectMultiple (node:net:1122:18)\n    at afterConnectMultiple (node:net:1689:7)","timestamp":"2026-03-28T15:25:35.613Z"}
{"code":"ECONNREFUSED","level":"warn","message":"Redis error","service":"search-service","stack":"AggregateError [ECONNREFUSED]: \n    at internalConnectMultiple (node:net:1122:18)\n    at afterConnectMultiple (node:net:1689:7)","timestamp":"2026-03-28T15:25:35.967Z"}
{"code":"ECONNREFUSED","level":"warn","message":"Redis error","service":"search-service","stack":"AggregateError [ECONNREFUSED]: \n    at internalConnectMultiple (node:net:1122:18)\n    at afterConnectMultiple (node:net:1689:7)","timestamp":"2026-03-28T15:25:36.384Z"}
{"code":"ECONNREFUSED","level":"warn","message":"Redis error","service":"search-service","stack":"AggregateError [ECONNREFUSED]: \n    at internalConnectMultiple (node:net:1122:18)\n    at afterConnectMultiple (node:net:1689:7)","timestamp":"2026-03-28T15:25:36.867Z"}
{"code":"ECONNREFUSED","level":"warn","message":"Redis error","service":"search-service","stack":"AggregateError [ECONNREFUSED]: \n    at internalConnectMultiple (node:net:1122:18)\n    at afterConnectMultiple (node:net:1689:7)","timestamp":"2026-03-28T15:25:37.377Z"}
{"code":"ECONNREFUSED","level":"warn","message":"Redis error","service":"search-service","stack":"AggregateError [ECONNREFUSED]: \n    at internalConnectMultiple (node:net:1122:18)\n    at afterConnectMultiple (node:net:1689:7)","timestamp":"2026-03-28T15:25:37.954Z"}
{"code":"ECONNREFUSED","level":"warn","message":"Redis error","service":"search-service","stack":"AggregateError [ECONNREFUSED]: \n    at internalConnectMultiple (node:net:1122:18)\n    at afterConnectMultiple (node:net:1689:7)","timestamp":"2026-03-28T15:25:38.590Z"}
{"code":"ECONNREFUSED","level":"warn","message":"Redis error","service":"search-service","stack":"AggregateError [ECONNREFUSED]: \n    at internalConnectMultiple (node:net:1122:18)\n    at afterConnectMultiple (node:net:1689:7)","timestamp":"2026-03-28T15:25:39.366Z"}
{"code":"ECONNREFUSED","level":"warn","message":"Redis error","service":"search-service","stack":"AggregateError [ECONNREFUSED]: \n    at internalConnectMultiple (node:net:1122:18)\n    at afterConnectMultiple (node:net:1689:7)","timestamp":"2026-03-28T15:25:40.072Z"}
{"code":"ECONNREFUSED","level":"warn","message":"Redis error","service":"search-service","stack":"AggregateError [ECONNREFUSED]: \n    at internalConnectMultiple (node:net:1122:18)\n    at afterConnectMultiple (node:net:1689:7)","timestamp":"2026-03-28T15:25:40.826Z"}
{"code":"ECONNREFUSED","level":"warn","message":"Redis error","service":"search-service","stack":"AggregateError [ECONNREFUSED]: \n    at internalConnectMultiple (node:net:1122:18)\n    at afterConnectMultiple (node:net:1689:7)","timestamp":"2026-03-28T15:25:41.633Z"}
{"code":"ECONNREFUSED","level":"warn","message":"Redis error","service":"search-service","stack":"AggregateError [ECONNREFUSED]: \n    at internalConnectMultiple (node:net:1122:18)\n    at afterConnectMultiple (node:net:1689:7)","timestamp":"2026-03-28T15:25:42.488Z"}
{"code":"ECONNREFUSED","level":"warn","message":"Redis error","service":"search-service","stack":"AggregateError [ECONNREFUSED]: \n    at internalConnectMultiple (node:net:1122:18)\n    at afterConnectMultiple (node:net:1689:7)","timestamp":"2026-03-28T15:25:43.396Z"}
{"code":"ECONNREFUSED","level":"warn","message":"Redis error","service":"search-service","stack":"AggregateError [ECONNREFUSED]: \n    at internalConnectMultiple (node:net:1122:18)\n    at afterConnectMultiple (node:net:1689:7)","timestamp":"2026-03-28T15:25:44.352Z"}
{"code":"ECONNREFUSED","level":"warn","message":"Redis error","service":"search-service","stack":"AggregateError [ECONNREFUSED]: \n    at internalConnectMultiple (node:net:1122:18)\n    at afterConnectMultiple (node:net:1689:7)","timestamp":"2026-03-28T15:25:45.355Z"}
{"code":"ECONNREFUSED","level":"warn","message":"Redis error","service":"search-service","stack":"AggregateError [ECONNREFUSED]: \n    at internalConnectMultiple (node:net:1122:18)\n    at afterConnectMultiple (node:net:1689:7)","timestamp":"2026-03-28T15:25:46.408Z"}
{"level":"info","message":"Redis connected","service":"search-service","timestamp":"2026-03-28T15:25:47.514Z"}
{"level":"info","message":"Search post deleted: 69c7f2d105ce2542011c0ff6","service":"search-service","timestamp":"2026-03-28T15:26:18.038Z"}
{"level":"info","message":"Search post created: 69c7f32205ce2542011c0ffc, 69c7f3226aae1e1b9e94a633","service":"search-service","timestamp":"2026-03-28T15:26:26.665Z"}
{"level":"info","message":"Search post created: 69c7f50705ce2542011c0ffe, 69c7f5086aae1e1b9e94a635","service":"search-service","timestamp":"2026-03-28T15:34:32.360Z"}
{"level":"info","message":"Redis connected","service":"search-service","timestamp":"2026-03-28T15:36:32.076Z"}
{"level":"info","message":"Connected to rabbit mq","service":"search-service","timestamp":"2026-03-28T15:36:32.127Z"}
{"level":"info","message":"Subscribed tto event: post.created","service":"search-service","timestamp":"2026-03-28T15:36:32.167Z"}
{"level":"info","message":"Subscribed tto event: post.deleted","service":"search-service","timestamp":"2026-03-28T15:36:32.214Z"}
{"level":"info","message":"Connected to Db","service":"search-service","timestamp":"2026-03-28T15:36:43.588Z"}
{"level":"info","message":"Redis connected","service":"search-service","timestamp":"2026-03-28T15:44:12.918Z"}
{"level":"info","message":"Connected to rabbit mq","service":"search-service","timestamp":"2026-03-28T15:44:13.028Z"}
{"level":"info","message":"Subscribed tto event: post.created","service":"search-service","timestamp":"2026-03-28T15:44:13.065Z"}
{"level":"info","message":"Subscribed tto event: post.deleted","service":"search-service","timestamp":"2026-03-28T15:44:13.105Z"}
{"level":"info","message":"Search service running on port 3004","service":"search-service","timestamp":"2026-03-28T15:44:13.143Z"}
{"level":"info","message":"Connected to Db","service":"search-service","timestamp":"2026-03-28T15:44:18.819Z"}
{"level":"error","message":"ReferenceError: logger is not defined\n    at searchPostController (/Users/faizan/social-media/search-service/src/controllers/search-controller.js:4:3)\n    at Layer.handleRequest (/Users/faizan/social-media/search-service/node_modules/router/lib/layer.js:152:17)\n    at next (/Users/faizan/social-media/search-service/node_modules/router/lib/route.js:157:13)\n    at Route.dispatch (/Users/faizan/social-media/search-service/node_modules/router/lib/route.js:117:3)\n    at handle (/Users/faizan/social-media/search-service/node_modules/router/index.js:435:11)\n    at Layer.handleRequest (/Users/faizan/social-media/search-service/node_modules/router/lib/layer.js:152:17)\n    at /Users/faizan/social-media/search-service/node_modules/router/index.js:295:15\n    at processParams (/Users/faizan/social-media/search-service/node_modules/router/index.js:582:12)\n    at next (/Users/faizan/social-media/search-service/node_modules/router/index.js:291:5)\n    at authenticateRequest (/Users/faizan/social-media/search-service/src/middlewares/authMiddleware.js:15:3)","service":"search-service","timestamp":"2026-03-28T15:44:23.202Z"}
{"level":"info","message":"Redis connected","service":"search-service","timestamp":"2026-03-28T15:44:45.413Z"}
{"level":"info","message":"Connected to rabbit mq","service":"search-service","timestamp":"2026-03-28T15:44:45.441Z"}
{"level":"info","message":"Subscribed tto event: post.created","service":"search-service","timestamp":"2026-03-28T15:44:45.505Z"}
{"level":"info","message":"Subscribed tto event: post.deleted","service":"search-service","timestamp":"2026-03-28T15:44:45.526Z"}
{"level":"info","message":"Search service running on port 3004","service":"search-service","timestamp":"2026-03-28T15:44:45.549Z"}
{"level":"info","message":"Connected to Db","service":"search-service","timestamp":"2026-03-28T15:44:48.329Z"}
{"level":"info","message":"Search endpoint hit.","service":"search-service","timestamp":"2026-03-28T15:44:50.994Z"}
{"level":"error","message":"Error retrieving post score is not defined","service":"search-service","stack":"ReferenceError: score is not defined\n    at searchPostController (/Users/faizan/social-media/search-service/src/controllers/search-controller.js:13:15)\n    at Layer.handleRequest (/Users/faizan/social-media/search-service/node_modules/router/lib/layer.js:152:17)\n    at next (/Users/faizan/social-media/search-service/node_modules/router/lib/route.js:157:13)\n    at Route.dispatch (/Users/faizan/social-media/search-service/node_modules/router/lib/route.js:117:3)\n    at handle (/Users/faizan/social-media/search-service/node_modules/router/index.js:435:11)\n    at Layer.handleRequest (/Users/faizan/social-media/search-service/node_modules/router/lib/layer.js:152:17)\n    at /Users/faizan/social-media/search-service/node_modules/router/index.js:295:15\n    at processParams (/Users/faizan/social-media/search-service/node_modules/router/index.js:582:12)\n    at next (/Users/faizan/social-media/search-service/node_modules/router/index.js:291:5)\n    at authenticateRequest (/Users/faizan/social-media/search-service/src/middlewares/authMiddleware.js:15:3)","timestamp":"2026-03-28T15:44:50.996Z"}
{"level":"info","message":"Redis connected","service":"search-service","timestamp":"2026-03-28T15:45:44.431Z"}
{"level":"info","message":"Connected to rabbit mq","service":"search-service","timestamp":"2026-03-28T15:45:44.479Z"}
{"level":"info","message":"Subscribed tto event: post.created","service":"search-service","timestamp":"2026-03-28T15:45:44.521Z"}
{"level":"info","message":"Subscribed tto event: post.deleted","service":"search-service","timestamp":"2026-03-28T15:45:44.532Z"}
{"level":"info","message":"Search service running on port 3004","service":"search-service","timestamp":"2026-03-28T15:45:44.556Z"}
{"level":"info","message":"Redis connected","service":"search-service","timestamp":"2026-03-28T15:45:45.797Z"}
{"level":"info","message":"Connected to rabbit mq","service":"search-service","timestamp":"2026-03-28T15:45:45.830Z"}
{"level":"info","message":"Subscribed tto event: post.created","service":"search-service","timestamp":"2026-03-28T15:45:45.847Z"}
{"level":"info","message":"Subscribed tto event: post.deleted","service":"search-service","timestamp":"2026-03-28T15:45:45.990Z"}
{"level":"info","message":"Search service running on port 3004","service":"search-service","timestamp":"2026-03-28T15:45:46.026Z"}
{"level":"info","message":"Connected to Db","service":"search-service","timestamp":"2026-03-28T15:45:51.985Z"}
{"level":"info","message":"Search endpoint hit.","service":"search-service","timestamp":"2026-03-28T15:46:00.721Z"}
{"level":"error","message":"Error retrieving post score is not defined","service":"search-service","stack":"ReferenceError: score is not defined\n    at searchPostController (/Users/faizan/social-media/search-service/src/controllers/search-controller.js:13:15)\n    at Layer.handleRequest (/Users/faizan/social-media/search-service/node_modules/router/lib/layer.js:152:17)\n    at next (/Users/faizan/social-media/search-service/node_modules/router/lib/route.js:157:13)\n    at Route.dispatch (/Users/faizan/social-media/search-service/node_modules/router/lib/route.js:117:3)\n    at handle (/Users/faizan/social-media/search-service/node_modules/router/index.js:435:11)\n    at Layer.handleRequest (/Users/faizan/social-media/search-service/node_modules/router/lib/layer.js:152:17)\n    at /Users/faizan/social-media/search-service/node_modules/router/index.js:295:15\n    at processParams (/Users/faizan/social-media/search-service/node_modules/router/index.js:582:12)\n    at next (/Users/faizan/social-media/search-service/node_modules/router/index.js:291:5)\n    at authenticateRequest (/Users/faizan/social-media/search-service/src/middlewares/authMiddleware.js:15:3)","timestamp":"2026-03-28T15:46:00.723Z"}
{"level":"info","message":"Redis connected","service":"search-service","timestamp":"2026-03-28T15:49:06.068Z"}
{"level":"info","message":"Connected to rabbit mq","service":"search-service","timestamp":"2026-03-28T15:49:06.215Z"}
{"level":"info","message":"Subscribed tto event: post.created","service":"search-service","timestamp":"2026-03-28T15:49:06.284Z"}
{"level":"info","message":"Subscribed tto event: post.deleted","service":"search-service","timestamp":"2026-03-28T15:49:06.440Z"}
{"level":"info","message":"Search service running on port 3004","service":"search-service","timestamp":"2026-03-28T15:49:06.464Z"}
{"level":"info","message":"Connected to Db","service":"search-service","timestamp":"2026-03-28T15:49:08.616Z"}
{"level":"info","message":"Search endpoint hit.","service":"search-service","timestamp":"2026-03-28T15:49:08.773Z"}
{"$clusterTime":{"clusterTime":{"$timestamp":"7622334075742715905"},"signature":{"hash":"ZzopgPcYpWxhzksbuwKKL5Tnqds=","keyId":{"high":1762278475,"low":1,"unsigned":false}}},"code":2,"codeName":"BadValue","errorLabelSet":{},"errorResponse":{"$clusterTime":{"clusterTime":{"$timestamp":"7622334075742715905"},"signature":{"hash":"ZzopgPcYpWxhzksbuwKKL5Tnqds=","keyId":{"high":1762278475,"low":1,"unsigned":false}}},"code":2,"codeName":"BadValue","errmsg":"unknown operator: $meta","ok":0,"operationTime":{"$timestamp":"7622334075742715905"}},"level":"error","message":"Error retrieving post unknown operator: $meta","ok":0,"operationTime":{"$timestamp":"7622334075742715905"},"service":"search-service","stack":"MongoServerError: unknown operator: $meta\n    at Connection.sendCommand (/Users/faizan/social-media/search-service/node_modules/mongodb/lib/cmap/connection.js:320:27)\n    at process.processTicksAndRejections (node:internal/process/task_queues:95:5)\n    at async Connection.command (/Users/faizan/social-media/search-service/node_modules/mongodb/lib/cmap/connection.js:344:26)\n    at async Server.command (/Users/faizan/social-media/search-service/node_modules/mongodb/lib/sdam/server.js:208:29)\n    at async tryOperation (/Users/faizan/social-media/search-service/node_modules/mongodb/lib/operations/execute_operation.js:215:32)\n    at async executeOperation (/Users/faizan/social-media/search-service/node_modules/mongodb/lib/operations/execute_operation.js:80:16)\n    at async FindCursor._initialize (/Users/faizan/social-media/search-service/node_modules/mongodb/lib/cursor/find_cursor.js:62:26)\n    at async FindCursor.cursorInit (/Users/faizan/social-media/search-service/node_modules/mongodb/lib/cursor/abstract_cursor.js:620:27)\n    at async FindCursor.fetchBatch (/Users/faizan/social-media/search-service/node_modules/mongodb/lib/cursor/abstract_cursor.js:654:13)\n    at async FindCursor.next (/Users/faizan/social-media/search-service/node_modules/mongodb/lib/cursor/abstract_cursor.js:326:17)","timestamp":"2026-03-28T15:49:09.983Z"}
{"level":"info","message":"Redis connected","service":"search-service","timestamp":"2026-03-28T15:51:13.724Z"}
{"level":"info","message":"Connected to rabbit mq","service":"search-service","timestamp":"2026-03-28T15:51:13.769Z"}
{"level":"info","message":"Subscribed tto event: post.created","service":"search-service","timestamp":"2026-03-28T15:51:13.813Z"}
{"level":"info","message":"Subscribed tto event: post.deleted","service":"search-service","timestamp":"2026-03-28T15:51:13.845Z"}
{"level":"info","message":"Search service running on port 3004","service":"search-service","timestamp":"2026-03-28T15:51:13.972Z"}
{"level":"info","message":"Search endpoint hit.","service":"search-service","timestamp":"2026-03-28T15:51:17.491Z"}
{"level":"info","message":"Connected to Db","service":"search-service","timestamp":"2026-03-28T15:51:18.491Z"}
